<?xml version="1.0" encoding="UTF-8"?>
<testsuite name="org.springframework.samples.petclinic.PetClinicIntegrationTests" tests="2" skipped="0" failures="0" errors="0" timestamp="2022-10-07T10:37:26" hostname="amisingh-16" time="0.88">
  <properties/>
  <testcase name="testFindAll()" classname="org.springframework.samples.petclinic.PetClinicIntegrationTests" time="0.239"/>
  <testcase name="testOwnerDetails()" classname="org.springframework.samples.petclinic.PetClinicIntegrationTests" time="0.639"/>
  <system-out><![CDATA[16:07:17.915 [Test worker] DEBUG org.springframework.test.context.BootstrapUtils - Instantiating CacheAwareContextLoaderDelegate from class [org.springframework.test.context.cache.DefaultCacheAwareContextLoaderDelegate]
16:07:17.925 [Test worker] DEBUG org.springframework.test.context.BootstrapUtils - Instantiating BootstrapContext using constructor [public org.springframework.test.context.support.DefaultBootstrapContext(java.lang.Class,org.springframework.test.context.CacheAwareContextLoaderDelegate)]
16:07:17.957 [Test worker] DEBUG org.springframework.test.context.BootstrapUtils - Instantiating TestContextBootstrapper for test class [org.springframework.samples.petclinic.PetClinicIntegrationTests] from class [org.springframework.boot.test.context.SpringBootTestContextBootstrapper]
16:07:17.967 [Test worker] INFO org.springframework.boot.test.context.SpringBootTestContextBootstrapper - Neither @ContextConfiguration nor @ContextHierarchy found for test class [org.springframework.samples.petclinic.PetClinicIntegrationTests], using SpringBootContextLoader
16:07:17.974 [Test worker] DEBUG org.springframework.test.context.support.AbstractContextLoader - Did not detect default resource location for test class [org.springframework.samples.petclinic.PetClinicIntegrationTests]: class path resource [org/springframework/samples/petclinic/PetClinicIntegrationTests-context.xml] does not exist
16:07:17.975 [Test worker] DEBUG org.springframework.test.context.support.AbstractContextLoader - Did not detect default resource location for test class [org.springframework.samples.petclinic.PetClinicIntegrationTests]: class path resource [org/springframework/samples/petclinic/PetClinicIntegrationTestsContext.groovy] does not exist
16:07:17.975 [Test worker] INFO org.springframework.test.context.support.AbstractContextLoader - Could not detect default resource locations for test class [org.springframework.samples.petclinic.PetClinicIntegrationTests]: no resource found for suffixes {-context.xml, Context.groovy}.
16:07:17.976 [Test worker] INFO org.springframework.test.context.support.AnnotationConfigContextLoaderUtils - Could not detect default configuration classes for test class [org.springframework.samples.petclinic.PetClinicIntegrationTests]: PetClinicIntegrationTests does not declare any static, non-private, non-final, nested classes annotated with @Configuration.
16:07:18.019 [Test worker] DEBUG org.springframework.test.context.support.ActiveProfilesUtils - Could not find an 'annotation declaring class' for annotation type [org.springframework.test.context.ActiveProfiles] and class [org.springframework.samples.petclinic.PetClinicIntegrationTests]
16:07:18.068 [Test worker] DEBUG org.springframework.context.annotation.ClassPathScanningCandidateComponentProvider - Identified candidate component class: file [/Users/amisingh/Projects/spring-petclinic/build/classes/java/main/org/springframework/samples/petclinic/PetClinicApplication.class]
16:07:18.069 [Test worker] INFO org.springframework.boot.test.context.SpringBootTestContextBootstrapper - Found @SpringBootConfiguration org.springframework.samples.petclinic.PetClinicApplication for test class org.springframework.samples.petclinic.PetClinicIntegrationTests
16:07:18.169 [Test worker] DEBUG org.springframework.boot.test.context.SpringBootTestContextBootstrapper - @TestExecutionListeners is not present for class [org.springframework.samples.petclinic.PetClinicIntegrationTests]: using defaults.
16:07:18.170 [Test worker] INFO org.springframework.boot.test.context.SpringBootTestContextBootstrapper - Loaded default TestExecutionListener class names from location [META-INF/spring.factories]: [org.springframework.boot.test.autoconfigure.restdocs.RestDocsTestExecutionListener, org.springframework.boot.test.autoconfigure.web.client.MockRestServiceServerResetTestExecutionListener, org.springframework.boot.test.autoconfigure.web.servlet.MockMvcPrintOnlyOnFailureTestExecutionListener, org.springframework.boot.test.autoconfigure.web.servlet.WebDriverTestExecutionListener, org.springframework.boot.test.autoconfigure.webservices.client.MockWebServiceServerTestExecutionListener, org.springframework.boot.test.mock.mockito.MockitoTestExecutionListener, org.springframework.boot.test.mock.mockito.ResetMocksTestExecutionListener, org.springframework.test.context.web.ServletTestExecutionListener, org.springframework.test.context.support.DirtiesContextBeforeModesTestExecutionListener, org.springframework.test.context.event.ApplicationEventsTestExecutionListener, org.springframework.test.context.support.DependencyInjectionTestExecutionListener, org.springframework.test.context.support.DirtiesContextTestExecutionListener, org.springframework.test.context.transaction.TransactionalTestExecutionListener, org.springframework.test.context.jdbc.SqlScriptsTestExecutionListener, org.springframework.test.context.event.EventPublishingTestExecutionListener]
16:07:18.189 [Test worker] INFO org.springframework.boot.test.context.SpringBootTestContextBootstrapper - Using TestExecutionListeners: [org.springframework.test.context.web.ServletTestExecutionListener@85ec632, org.springframework.test.context.support.DirtiesContextBeforeModesTestExecutionListener@1c05a54d, org.springframework.test.context.event.ApplicationEventsTestExecutionListener@65ef722a, org.springframework.boot.test.mock.mockito.MockitoTestExecutionListener@5fd9b663, org.springframework.boot.test.autoconfigure.SpringBootDependencyInjectionTestExecutionListener@214894fc, org.springframework.test.context.support.DirtiesContextTestExecutionListener@10567255, org.springframework.test.context.transaction.TransactionalTestExecutionListener@e362c57, org.springframework.test.context.jdbc.SqlScriptsTestExecutionListener@1c4ee95c, org.springframework.test.context.event.EventPublishingTestExecutionListener@79c4715d, org.springframework.boot.test.autoconfigure.restdocs.RestDocsTestExecutionListener@5aa360ea, org.springframework.boot.test.autoconfigure.web.client.MockRestServiceServerResetTestExecutionListener@6548bb7d, org.springframework.boot.test.autoconfigure.web.servlet.MockMvcPrintOnlyOnFailureTestExecutionListener@e27ba81, org.springframework.boot.test.autoconfigure.web.servlet.WebDriverTestExecutionListener@54336c81, org.springframework.boot.test.autoconfigure.webservices.client.MockWebServiceServerTestExecutionListener@1556f2dd, org.springframework.boot.test.mock.mockito.ResetMocksTestExecutionListener@35e52059]
16:07:18.192 [Test worker] DEBUG org.springframework.test.context.support.AbstractDirtiesContextTestExecutionListener - Before test class: context [DefaultTestContext@39fc6b2c testClass = PetClinicIntegrationTests, testInstance = [null], testMethod = [null], testException = [null], mergedContextConfiguration = [WebMergedContextConfiguration@704b2127 testClass = PetClinicIntegrationTests, locations = '{}', classes = '{class org.springframework.samples.petclinic.PetClinicApplication}', contextInitializerClasses = '[]', activeProfiles = '{}', propertySourceLocations = '{}', propertySourceProperties = '{org.springframework.boot.test.context.SpringBootTestContextBootstrapper=true, server.port=0}', contextCustomizers = set[org.springframework.boot.test.autoconfigure.actuate.metrics.MetricsExportContextCustomizerFactory$DisableMetricExportContextCustomizer@5ad10c1a, org.springframework.boot.test.autoconfigure.properties.PropertyMappingContextCustomizer@0, org.springframework.boot.test.autoconfigure.web.servlet.WebDriverContextCustomizerFactory$Customizer@339bf286, org.springframework.boot.test.context.filter.ExcludeFilterContextCustomizer@5ed731d0, org.springframework.boot.test.json.DuplicateJsonObjectContextCustomizerFactory$DuplicateJsonObjectContextCustomizer@557a1e2d, org.springframework.boot.test.mock.mockito.MockitoContextCustomizer@0, org.springframework.boot.test.web.client.TestRestTemplateContextCustomizer@56276db8, org.springframework.boot.test.context.SpringBootTestArgs@1, org.springframework.boot.test.context.SpringBootTestWebEnvironment@7ac296f6], resourceBasePath = 'src/main/webapp', contextLoader = 'org.springframework.boot.test.context.SpringBootContextLoader', parent = [null]], attributes = map['org.springframework.test.context.web.ServletTestExecutionListener.activateListener' -> false]], class annotated with @DirtiesContext [false] with mode [null].
16:07:18.207 [Test worker] DEBUG org.springframework.test.context.support.DependencyInjectionTestExecutionListener - Performing dependency injection for test context [[DefaultTestContext@39fc6b2c testClass = PetClinicIntegrationTests, testInstance = org.springframework.samples.petclinic.PetClinicIntegrationTests@2237bada, testMethod = [null], testException = [null], mergedContextConfiguration = [WebMergedContextConfiguration@704b2127 testClass = PetClinicIntegrationTests, locations = '{}', classes = '{class org.springframework.samples.petclinic.PetClinicApplication}', contextInitializerClasses = '[]', activeProfiles = '{}', propertySourceLocations = '{}', propertySourceProperties = '{org.springframework.boot.test.context.SpringBootTestContextBootstrapper=true, server.port=0}', contextCustomizers = set[org.springframework.boot.test.autoconfigure.actuate.metrics.MetricsExportContextCustomizerFactory$DisableMetricExportContextCustomizer@5ad10c1a, org.springframework.boot.test.autoconfigure.properties.PropertyMappingContextCustomizer@0, org.springframework.boot.test.autoconfigure.web.servlet.WebDriverContextCustomizerFactory$Customizer@339bf286, org.springframework.boot.test.context.filter.ExcludeFilterContextCustomizer@5ed731d0, org.springframework.boot.test.json.DuplicateJsonObjectContextCustomizerFactory$DuplicateJsonObjectContextCustomizer@557a1e2d, org.springframework.boot.test.mock.mockito.MockitoContextCustomizer@0, org.springframework.boot.test.web.client.TestRestTemplateContextCustomizer@56276db8, org.springframework.boot.test.context.SpringBootTestArgs@1, org.springframework.boot.test.context.SpringBootTestWebEnvironment@7ac296f6], resourceBasePath = 'src/main/webapp', contextLoader = 'org.springframework.boot.test.context.SpringBootContextLoader', parent = [null]], attributes = map['org.springframework.test.context.web.ServletTestExecutionListener.activateListener' -> false, 'org.springframework.test.context.event.ApplicationEventsTestExecutionListener.recordApplicationEvents' -> false]]].


              |\      _,,,--,,_
             /,`.-'`'   ._  \-;;,_
  _______ __|,4-  ) )_   .;.(__`'-'__     ___ __    _ ___ _______
 |       | '---''(_/._)-'(_\_)   |   |   |   |  |  | |   |       |
 |    _  |    ___|_     _|       |   |   |   |   |_| |   |       | __ _ _
 |   |_| |   |___  |   | |       |   |   |   |       |   |       | \ \ \ \
 |    ___|    ___| |   | |      _|   |___|   |  _    |   |      _|  \ \ \ \
 |   |   |   |___  |   | |     |_|       |   | | |   |   |     |_    ) ) ) )
 |___|   |_______| |___| |_______|_______|___|_|  |__|___|_______|  / / / /
 ==================================================================/_/_/_/

:: Built with Spring Boot :: 2.7.3


2022-10-07 16:07:18.820  INFO 82115 --- [    Test worker] o.s.s.p.PetClinicIntegrationTests        : Starting PetClinicIntegrationTests using Java 11.0.11 on amisingh-16 with PID 82115 (started by amisingh in /Users/amisingh/Projects/spring-petclinic)
2022-10-07 16:07:18.822  INFO 82115 --- [    Test worker] o.s.s.p.PetClinicIntegrationTests        : No active profile set, falling back to 1 default profile: "default"
2022-10-07 16:07:21.226  INFO 82115 --- [    Test worker] .s.d.r.c.RepositoryConfigurationDelegate : Bootstrapping Spring Data JPA repositories in DEFAULT mode.
2022-10-07 16:07:21.328  INFO 82115 --- [    Test worker] .s.d.r.c.RepositoryConfigurationDelegate : Finished Spring Data repository scanning in 82 ms. Found 2 JPA repository interfaces.
2022-10-07 16:07:22.403  INFO 82115 --- [    Test worker] o.s.b.w.embedded.tomcat.TomcatWebServer  : Tomcat initialized with port(s): 0 (http)
2022-10-07 16:07:22.418  INFO 82115 --- [    Test worker] o.apache.catalina.core.StandardService   : Starting service [Tomcat]
2022-10-07 16:07:22.418  INFO 82115 --- [    Test worker] org.apache.catalina.core.StandardEngine  : Starting Servlet engine: [Apache Tomcat/9.0.65]
2022-10-07 16:07:22.604  INFO 82115 --- [    Test worker] o.a.c.c.C.[Tomcat].[localhost].[/]       : Initializing Spring embedded WebApplicationContext
2022-10-07 16:07:22.604  INFO 82115 --- [    Test worker] w.s.c.ServletWebServerApplicationContext : Root WebApplicationContext: initialization completed in 3748 ms
2022-10-07 16:07:23.235  INFO 82115 --- [    Test worker] org.ehcache.core.EhcacheManager          : Cache 'vets' created in EhcacheManager.
2022-10-07 16:07:23.245  INFO 82115 --- [    Test worker] org.ehcache.jsr107.Eh107CacheManager     : Registering Ehcache MBean javax.cache:type=CacheStatistics,CacheManager=urn.X-ehcache.jsr107-default-config,Cache=vets
2022-10-07 16:07:23.275  INFO 82115 --- [    Test worker] com.zaxxer.hikari.HikariDataSource       : HikariPool-1 - Starting...
2022-10-07 16:07:23.509  INFO 82115 --- [    Test worker] com.zaxxer.hikari.HikariDataSource       : HikariPool-1 - Start completed.
2022-10-07 16:07:23.694  INFO 82115 --- [    Test worker] o.hibernate.jpa.internal.util.LogHelper  : HHH000204: Processing PersistenceUnitInfo [name: default]
2022-10-07 16:07:23.749  INFO 82115 --- [    Test worker] org.hibernate.Version                    : HHH000412: Hibernate ORM core version 5.6.10.Final
2022-10-07 16:07:23.982  INFO 82115 --- [    Test worker] o.hibernate.annotations.common.Version   : HCANN000001: Hibernate Commons Annotations {5.1.2.Final}
2022-10-07 16:07:24.109  INFO 82115 --- [    Test worker] org.hibernate.dialect.Dialect            : HHH000400: Using dialect: org.hibernate.dialect.H2Dialect
2022-10-07 16:07:24.841  INFO 82115 --- [    Test worker] o.h.e.t.j.p.i.JtaPlatformInitiator       : HHH000490: Using JtaPlatform implementation: [org.hibernate.engine.transaction.jta.platform.internal.NoJtaPlatform]
2022-10-07 16:07:24.850  INFO 82115 --- [    Test worker] j.LocalContainerEntityManagerFactoryBean : Initialized JPA EntityManagerFactory for persistence unit 'default'
2022-10-07 16:07:26.843  INFO 82115 --- [    Test worker] o.s.b.a.e.web.EndpointLinksResolver      : Exposing 13 endpoint(s) beneath base path '/actuator'
2022-10-07 16:07:26.928  INFO 82115 --- [    Test worker] o.s.b.w.embedded.tomcat.TomcatWebServer  : Tomcat started on port(s): 64057 (http) with context path ''
2022-10-07 16:07:26.944  INFO 82115 --- [    Test worker] o.s.s.p.PetClinicIntegrationTests        : Started PetClinicIntegrationTests in 8.713 seconds (JVM running for 10.039)
2022-10-07 16:07:27.311  INFO 82115 --- [o-auto-1-exec-1] o.a.c.c.C.[Tomcat].[localhost].[/]       : Initializing Spring DispatcherServlet 'dispatcherServlet'
2022-10-07 16:07:27.311  INFO 82115 --- [o-auto-1-exec-1] o.s.web.servlet.DispatcherServlet        : Initializing Servlet 'dispatcherServlet'
2022-10-07 16:07:27.313  INFO 82115 --- [o-auto-1-exec-1] o.s.web.servlet.DispatcherServlet        : Completed initialization in 2 ms
]]></system-out>
  <system-err><![CDATA[]]></system-err>
</testsuite>
